1533489363038	geckodriver	INFO	geckodriver 0.21.0
1533489363042	geckodriver	INFO	Listening on 127.0.0.1:53719
1533489364069	mozrunner::runner	INFO	Running command: "/usr/bin/firefox" "-marionette" "-foreground" "-no-remote" "-profile" "/tmp/rust_mozprofile.yHRXrr2eRoh7"
1533489364964	Marionette	INFO	Listening on port 2828

###!!! [Child][MessageChannel] Error: (msgtype=0x3E0003,name=PCompositable::Msg_Destroy) Channel error: cannot send/recv


###!!! [Child][MessageChannel] Error: (msgtype=0x3E0003,name=PCompositable::Msg_Destroy) Channel error: cannot send/recv

[Child 23815] ###!!! ABORT: Aborting on channel error.: file /build/firefox-esr-52.9.0esr/ipc/glue/MessageChannel.cpp, line 2152
[Child 23815] ###!!! ABORT: Aborting on channel error.: file /build/firefox-esr-52.9.0esr/ipc/glue/MessageChannel.cpp, line 2152
1533489437203	geckodriver	INFO	geckodriver 0.21.0
1533489437208	geckodriver	INFO	Listening on 127.0.0.1:41661
1533489438240	mozrunner::runner	INFO	Running command: "/usr/bin/firefox" "-marionette" "-foreground" "-no-remote" "-profile" "/tmp/rust_mozprofile.6zYMrR3kzUQ8"
1533489439220	Marionette	INFO	Listening on port 2828
[Child 24553] ###!!! ABORT: Aborting on channel error.: file /build/firefox-esr-52.9.0esr/ipc/glue/MessageChannel.cpp, line 2152
[Child 24553] ###!!! ABORT: Aborting on channel error.: file /build/firefox-esr-52.9.0esr/ipc/glue/MessageChannel.cpp, line 2152
1533489625742	geckodriver	INFO	geckodriver 0.21.0
1533489625747	geckodriver	INFO	Listening on 127.0.0.1:50287
1533489626773	mozrunner::runner	INFO	Running command: "/usr/bin/firefox" "-marionette" "-foreground" "-no-remote" "-profile" "/tmp/rust_mozprofile.JL1O2rDVsH04"
1533489627666	Marionette	INFO	Listening on port 2828
1533489648130	geckodriver	INFO	geckodriver 0.21.0
1533489648135	geckodriver	INFO	Listening on 127.0.0.1:45501
1533489649162	mozrunner::runner	INFO	Running command: "/usr/bin/firefox" "-marionette" "-foreground" "-no-remote" "-profile" "/tmp/rust_mozprofile.IkyYtliQSmwG"
1533489650080	Marionette	INFO	Listening on port 2828
1533489659567	geckodriver	INFO	geckodriver 0.21.0
1533489659573	geckodriver	INFO	Listening on 127.0.0.1:56609
1533489660599	mozrunner::runner	INFO	Running command: "/usr/bin/firefox" "-marionette" "-foreground" "-no-remote" "-profile" "/tmp/rust_mozprofile.rtFYpqq6qJBM"
1533489661570	Marionette	INFO	Listening on port 2828
[Child 26838] ###!!! ABORT: Aborting on channel error.: file /build/firefox-esr-52.9.0esr/ipc/glue/MessageChannel.cpp, line 2152
[Child 26838] ###!!! ABORT: Aborting on channel error.: file /build/firefox-esr-52.9.0esr/ipc/glue/MessageChannel.cpp, line 2152
1533491582172	geckodriver	INFO	geckodriver 0.21.0
1533491582176	geckodriver	INFO	Listening on 127.0.0.1:51331
1533491583211	mozrunner::runner	INFO	Running command: "/usr/bin/firefox" "-marionette" "-foreground" "-no-remote" "-profile" "/tmp/rust_mozprofile.nEPOHmIYUHDJ"
1533491584174	Marionette	INFO	Listening on port 2828
1533676935705	geckodriver	INFO	geckodriver 0.21.0
1533676935713	geckodriver	INFO	Listening on 127.0.0.1:49911
1533676936740	mozrunner::runner	INFO	Running command: "/usr/bin/firefox" "-marionette" "-foreground" "-no-remote" "-profile" "/tmp/rust_mozprofile.dJR9hzV7rrn2"
1533676937546	Marionette	INFO	Listening on port 2828
